<?xml version="1.0" encoding="UTF-8"?>
<testsuite name="com.kenzie.caching.goodreads.integration.Phase2Test" tests="4" skipped="0" failures="0" errors="0" timestamp="2023-11-15T20:51:28" hostname="BANANACOMP" time="32.906">
  <properties/>
  <testcase name="getGoalProgress_TwoEntriesMadeSameUserDiffYears()" classname="com.kenzie.caching.goodreads.integration.Phase2Test" time="12.255"/>
  <testcase name="getGoalProgress_TwoEntriesMadeDiffUsersSameYear()" classname="com.kenzie.caching.goodreads.integration.Phase2Test" time="10.294"/>
  <testcase name="getGoalProgress_cacheHit_quickAndEntryInCache()" classname="com.kenzie.caching.goodreads.integration.Phase2Test" time="5.219"/>
  <testcase name="getGoalProgress_cacheMiss_takesAWhile()" classname="com.kenzie.caching.goodreads.integration.Phase2Test" time="5.138"/>
  <system-out><![CDATA[]]></system-out>
  <system-err><![CDATA[SLF4J: Failed to load class "org.slf4j.impl.StaticLoggerBinder".
SLF4J: Defaulting to no-operation (NOP) logger implementation
SLF4J: See http://www.slf4j.org/codes.html#StaticLoggerBinder for further details.
]]></system-err>
</testsuite>
